Drill report for pulp.kicad_pcb
Created on 2024-03-30T16:51:37-0400

Copper Layer Stackup:
    =============================================================
    L1 :  F.Cu                      front
    L2 :  B.Cu                      back


Drill file 'pulp-PTH.drl' contains
    plated through holes:
    =============================================================
    T1  0.100mm  0.0039"  (34 holes)
    T2  0.400mm  0.0157"  (69 holes)
    T3  0.400mm  0.0157"  (12 holes)
    T4  0.550mm  0.0217"  (4 holes)  (with 4 slots)
    T5  0.930mm  0.0366"  (2 holes)  (with 2 slots)
    T6  1.000mm  0.0394"  (19 holes)

    Total plated holes count 140


Drill file 'pulp-NPTH.drl' contains
    unplated through holes:
    =============================================================

    Total unplated holes count 0
